[ 11%] Built target gtest
[ 11%] Built target std_msgs_generate_messages_nodejs
[ 11%] Built target std_msgs_generate_messages_eus
[ 11%] Built target geometry_msgs_generate_messages_eus
[ 11%] Built target tf_generate_messages_nodejs
[ 11%] Built target _robot_pose_ekf_generate_messages_check_deps_GetStatus
[ 11%] Built target std_msgs_generate_messages_py
[ 11%] Built target std_msgs_generate_messages_cpp
[ 11%] Built target tf2_msgs_generate_messages_cpp
[ 11%] Built target rosgraph_msgs_generate_messages_nodejs
[ 11%] Built target actionlib_generate_messages_cpp
[ 11%] Built target roscpp_generate_messages_lisp
[ 11%] Built target actionlib_msgs_generate_messages_py
[ 11%] Built target actionlib_generate_messages_lisp
[ 11%] Built target std_msgs_generate_messages_lisp
[ 11%] Built target tf_generate_messages_eus
[ 11%] Built target rosgraph_msgs_generate_messages_lisp
[ 11%] Built target actionlib_msgs_generate_messages_eus
[ 11%] Built target rosgraph_msgs_generate_messages_py
[ 11%] Built target roscpp_generate_messages_py
[ 11%] Built target roscpp_generate_messages_cpp
[ 11%] Built target roscpp_generate_messages_eus
[ 17%] Built target robot_pose_ekf_generate_messages_lisp
[ 17%] Built target geometry_msgs_generate_messages_nodejs
[ 17%] Built target geometry_msgs_generate_messages_cpp
[ 17%] Built target tf2_msgs_generate_messages_py
[ 17%] Built target geometry_msgs_generate_messages_lisp
[ 17%] Built target tf_generate_messages_cpp
[ 17%] Built target roscpp_generate_messages_nodejs
[ 17%] Built target nav_msgs_generate_messages_cpp
[ 17%] Built target rosgraph_msgs_generate_messages_eus
[ 17%] Built target geometry_msgs_generate_messages_py
[ 17%] Built target sensor_msgs_generate_messages_py
[ 17%] Built target tf2_msgs_generate_messages_eus
[ 17%] Built target tf_generate_messages_lisp
[ 17%] Built target nav_msgs_generate_messages_py
[ 29%] Built target robot_pose_ekf_generate_messages_py
[ 29%] Built target nav_msgs_generate_messages_nodejs
[ 29%] Built target sensor_msgs_generate_messages_eus
[ 29%] Built target sensor_msgs_generate_messages_cpp
[ 29%] Built target sensor_msgs_generate_messages_lisp
[ 29%] Built target sensor_msgs_generate_messages_nodejs
[ 29%] Built target rosgraph_msgs_generate_messages_cpp
[ 29%] Built target actionlib_generate_messages_eus
[ 29%] Built target actionlib_msgs_generate_messages_cpp
[ 29%] Built target actionlib_generate_messages_nodejs
[ 29%] Built target actionlib_generate_messages_py
[ 29%] Built target tf_generate_messages_py
[ 29%] Built target actionlib_msgs_generate_messages_nodejs
[ 29%] Built target actionlib_msgs_generate_messages_lisp
[ 29%] Built target nav_msgs_generate_messages_eus
[ 29%] Built target tf2_msgs_generate_messages_lisp
[ 29%] Built target tf2_msgs_generate_messages_nodejs
[ 29%] Built target nav_msgs_generate_messages_lisp
[ 35%] Built target robot_pose_ekf_generate_messages_cpp
[ 41%] Built target robot_pose_ekf_generate_messages_nodejs
[ 52%] Built target robot_pose_ekf_generate_messages_eus
[ 64%] Built target test_robot_pose_ekf_zero_covariance
[ 76%] Built target test_robot_pose_ekf
[100%] Built target robot_pose_ekf
[100%] Built target robot_pose_ekf_generate_messages
